Determining if the pthread_create exist failed with the following output:
Change Dir: /home/clement-ensiie/Documents/gtest-1.7.0/build/CMakeFiles/CMakeTmp

Run Build Command:/usr/bin/make "cmTryCompileExec4271171844/fast"
/usr/bin/make -f CMakeFiles/cmTryCompileExec4271171844.dir/build.make CMakeFiles/cmTryCompileExec4271171844.dir/build
make[1]: entrant dans le répertoire « /home/clement-ensiie/Documents/gtest-1.7.0/build/CMakeFiles/CMakeTmp »
/usr/bin/cmake -E cmake_progress_report /home/clement-ensiie/Documents/gtest-1.7.0/build/CMakeFiles/CMakeTmp/CMakeFiles 1
Building C object CMakeFiles/cmTryCompileExec4271171844.dir/CheckSymbolExists.c.o
/usr/bin/cc    -o CMakeFiles/cmTryCompileExec4271171844.dir/CheckSymbolExists.c.o   -c /home/clement-ensiie/Documents/gtest-1.7.0/build/CMakeFiles/CMakeTmp/CheckSymbolExists.c
Linking C executable cmTryCompileExec4271171844
/usr/bin/cmake -E cmake_link_script CMakeFiles/cmTryCompileExec4271171844.dir/link.txt --verbose=1
/usr/bin/cc       CMakeFiles/cmTryCompileExec4271171844.dir/CheckSymbolExists.c.o  -o cmTryCompileExec4271171844 -rdynamic 
CMakeFiles/cmTryCompileExec4271171844.dir/CheckSymbolExists.c.o: dans la fonction « main »:
CheckSymbolExists.c:(.text+0xa): référence indéfinie vers « pthread_create »
collect2: error: ld returned 1 exit status
make[1]: *** [cmTryCompileExec4271171844] Erreur 1
make[1]: quittant le répertoire « /home/clement-ensiie/Documents/gtest-1.7.0/build/CMakeFiles/CMakeTmp »
make: *** [cmTryCompileExec4271171844/fast] Erreur 2

File /home/clement-ensiie/Documents/gtest-1.7.0/build/CMakeFiles/CMakeTmp/CheckSymbolExists.c:
/* */
#include <pthread.h>

int main(int argc, char** argv)
{
  (void)argv;
#ifndef pthread_create
  return ((int*)(&pthread_create))[argc];
#else
  (void)argc;
  return 0;
#endif
}

Determining if the function pthread_create exists in the pthreads failed with the following output:
Change Dir: /home/clement-ensiie/Documents/gtest-1.7.0/build/CMakeFiles/CMakeTmp

Run Build Command:/usr/bin/make "cmTryCompileExec2131803833/fast"
/usr/bin/make -f CMakeFiles/cmTryCompileExec2131803833.dir/build.make CMakeFiles/cmTryCompileExec2131803833.dir/build
make[1]: entrant dans le répertoire « /home/clement-ensiie/Documents/gtest-1.7.0/build/CMakeFiles/CMakeTmp »
/usr/bin/cmake -E cmake_progress_report /home/clement-ensiie/Documents/gtest-1.7.0/build/CMakeFiles/CMakeTmp/CMakeFiles 1
Building C object CMakeFiles/cmTryCompileExec2131803833.dir/CheckFunctionExists.c.o
/usr/bin/cc   -DCHECK_FUNCTION_EXISTS=pthread_create   -o CMakeFiles/cmTryCompileExec2131803833.dir/CheckFunctionExists.c.o   -c /usr/share/cmake-2.8/Modules/CheckFunctionExists.c
Linking C executable cmTryCompileExec2131803833
/usr/bin/cmake -E cmake_link_script CMakeFiles/cmTryCompileExec2131803833.dir/link.txt --verbose=1
/usr/bin/cc   -DCHECK_FUNCTION_EXISTS=pthread_create    CMakeFiles/cmTryCompileExec2131803833.dir/CheckFunctionExists.c.o  -o cmTryCompileExec2131803833 -rdynamic -lpthreads 
/usr/bin/ld: ne peut trouver -lpthreads
collect2: error: ld returned 1 exit status
make[1]: *** [cmTryCompileExec2131803833] Erreur 1
make[1]: quittant le répertoire « /home/clement-ensiie/Documents/gtest-1.7.0/build/CMakeFiles/CMakeTmp »
make: *** [cmTryCompileExec2131803833/fast] Erreur 2


